<?xml version="1.0" encoding="UTF-8"?>
<testng-results ignored="0" total="1" passed="1" failed="0" skipped="0">
  <reporter-output>
  </reporter-output>
  <suite started-at="2023-02-07T15:16:39 IST" name="myBankingP1" finished-at="2023-02-07T15:17:45 IST" duration-ms="65976">
    <groups>
    </groups>
    <test started-at="2023-02-07T15:16:39 IST" name="BankingApp Test" finished-at="2023-02-07T15:17:45 IST" duration-ms="65976">
      <class name="com.myBanking.testCases.TC_AddCustomer_003">
        <test-method is-config="true" signature="setUp(java.lang.String)[pri:0, instance:com.myBanking.testCases.TC_AddCustomer_003@909217e]" started-at="2023-02-07T15:16:39 IST" name="setUp" finished-at="2023-02-07T15:17:11 IST" duration-ms="31718" status="PASS">
          <params>
            <param index="0">
              <value>
                <![CDATA[chrome]]>
              </value>
            </param>
          </params>
          <reporter-output>
          </reporter-output>
        </test-method> <!-- setUp -->
        <test-method signature="addNewCustomer()[pri:0, instance:com.myBanking.testCases.TC_AddCustomer_003@909217e]" started-at="2023-02-07T15:17:11 IST" name="addNewCustomer" finished-at="2023-02-07T15:17:43 IST" duration-ms="32181" status="PASS">
          <reporter-output>
          </reporter-output>
        </test-method> <!-- addNewCustomer -->
        <test-method is-config="true" signature="tearDown()[pri:0, instance:com.myBanking.testCases.TC_AddCustomer_003@909217e]" started-at="2023-02-07T15:17:43 IST" name="tearDown" finished-at="2023-02-07T15:17:45 IST" duration-ms="1612" status="PASS">
          <reporter-output>
          </reporter-output>
        </test-method> <!-- tearDown -->
      </class> <!-- com.myBanking.testCases.TC_AddCustomer_003 -->
    </test> <!-- BankingApp Test -->
  </suite> <!-- myBankingP1 -->
</testng-results>
